IQ-TREE multicore version 2.2.6 COVID-edition for Linux 64-bit built Dec  8 2023
Developed by Bui Quang Minh, James Barbetti, Nguyen Lam Tung,
Olga Chernomor, Heiko Schmidt, Dominik Schrempf, Michael Woodhams, Ly Trong Nhan.

Host:    doubler (AVX512, FMA3, 15 GB RAM)
Command: iqtree2 -m TIM3+F+G4 -s SUP35_aln_prank.trim.fas --prefix SUP35_iqtree
Seed:    130188 (Using SPRNG - Scalable Parallel Random Number Generator)
Time:    Fri Mar  1 23:23:28 2024
Kernel:  AVX+FMA - 1 threads (8 CPU cores detected)

HINT: Use -nt option to specify number of threads because your CPU has 8 cores!
HINT: -nt AUTO will automatically determine the best number of threads to use.

Reading alignment file SUP35_aln_prank.trim.fas ... Fasta format detected
Reading fasta file: done in 0.000405352 secs using 33.06% CPU
Alignment most likely contains DNA/RNA sequences
Constructing alignment: done in 0.000924004 secs using 62.55% CPU
Alignment has 10 sequences with 2025 columns, 570 distinct patterns
499 parsimony-informative, 387 singleton sites, 1139 constant sites
                                        Gap/Ambiguity  Composition  p-value
Analyzing sequences: done in 1.7265e-05 secs using 98.47% CPU
   1  SUP35_Kla_AB039749                        7.11%    passed     27.73%
   2  SUP35_Agos_ATCC_10895_NM_211584          10.67%    failed      0.00%
   3  SUP35_Scer_74-D694_GCA_001578265.1        0.00%    passed     94.19%
   4  SUP35_Sbou_unique28_CM003560              0.00%    passed     92.62%
   5  SUP35_Scer_beer078_CM005938               2.22%    passed     92.29%
   6  SUP35_Spar_A12_Liti                       0.00%    passed     51.58%
   7  SUP35_Smik_IFO1815T_30                    0.00%    passed     73.50%
   8  SUP35_Sarb_H-6_chrXIII_CM001575           0.00%    passed     55.73%
   9  SUP35_Skud_IFO1802T_36                    0.44%    passed     99.03%
  10  SUP35_Seub_CBS12357_chr_II_IV_DF968535    0.59%    passed     60.63%
****  TOTAL                                     2.10%  1 sequences failed composition chi2 test (p-value<5%; df=3)
Checking for duplicate sequences: done in 3.1977e-05 secs using 96.94% CPU

Create initial parsimony tree by phylogenetic likelihood library (PLL)... 0.000 seconds

NOTE: 0 MB RAM (0 GB) is required!
Estimate model parameters (epsilon = 0.100)
1. Initial log-likelihood: -9584.544
2. Current log-likelihood: -9020.108
3. Current log-likelihood: -8996.084
4. Current log-likelihood: -8993.996
5. Current log-likelihood: -8993.730
Optimal log-likelihood: -8993.697
Rate parameters:  A-C: 1.80434  A-G: 5.89412  A-T: 1.00000  C-G: 1.80434  C-T: 15.13739  G-T: 1.00000
Base frequencies:  A: 0.341  C: 0.193  G: 0.225  T: 0.241
Gamma shape alpha: 0.401
Parameters optimization took 5 rounds (0.039 sec)
Wrote distance file to... 
Computing ML distances based on estimated model parameters...
Calculating distance matrix: done in 0.000268822 secs using 100.1% CPU
Computing ML distances took 0.000307 sec (of wall-clock time) 0.000309 sec (of CPU time)
Setting up auxiliary I and S matrices: done in 1.8726e-05 secs using 96.12% CPU
Constructing RapidNJ tree: done in 2.6581e-05 secs using 101.6% CPU
Computing RapidNJ tree took 0.000070 sec (of wall-clock time) 0.000070 sec (of CPU time)
Log-likelihood of RapidNJ tree: -8993.190
--------------------------------------------------------------------
|             INITIALIZING CANDIDATE TREE SET                      |
--------------------------------------------------------------------
Generating 98 parsimony trees... 0.038 second
Computing log-likelihood of 89 initial trees ... 0.062 seconds
Current best score: -8993.190

Do NNI search on 20 best initial trees
Optimizing NNI: done in 0.00271866 secs using 99.94% CPU
Estimate model parameters (epsilon = 0.100)
BETTER TREE FOUND at iteration 1: -8993.183
Optimizing NNI: done in 0.00636291 secs using 99.99% CPU
Estimate model parameters (epsilon = 0.100)
BETTER TREE FOUND at iteration 2: -8993.162
Optimizing NNI: done in 0.00926034 secs using 100% CPU
Optimizing NNI: done in 0.00931059 secs using 99.98% CPU
Optimizing NNI: done in 0.00667475 secs using 99.99% CPU
Optimizing NNI: done in 0.00793599 secs using 99.99% CPU
Optimizing NNI: done in 0.0124371 secs using 99.99% CPU
Optimizing NNI: done in 0.0107797 secs using 99.98% CPU
Optimizing NNI: done in 0.0108037 secs using 99.99% CPU
Optimizing NNI: done in 0.0114892 secs using 99.99% CPU
Iteration 10 / LogL: -8993.177 / Time: 0h:0m:0s
Optimizing NNI: done in 0.00931855 secs using 99.98% CPU
Optimizing NNI: done in 0.0107744 secs using 99.99% CPU
Optimizing NNI: done in 0.00921702 secs using 99.99% CPU
Optimizing NNI: done in 0.00921009 secs using 99.99% CPU
Optimizing NNI: done in 0.00977367 secs using 99.99% CPU
Optimizing NNI: done in 0.00845063 secs using 99.99% CPU
Optimizing NNI: done in 0.00782197 secs using 99.99% CPU
Optimizing NNI: done in 0.00846339 secs using 100% CPU
Optimizing NNI: done in 0.00798699 secs using 99.99% CPU
Optimizing NNI: done in 0.00800885 secs using 99.98% CPU
Iteration 20 / LogL: -8993.178 / Time: 0h:0m:0s
Finish initializing candidate tree set (3)
Current best tree score: -8993.162 / CPU time: 0.285
Number of iterations: 20
--------------------------------------------------------------------
|               OPTIMIZING CANDIDATE TREE SET                      |
--------------------------------------------------------------------
Optimizing NNI: done in 0.0113545 secs using 99.99% CPU
Optimizing NNI: done in 0.0120645 secs using 99.99% CPU
Optimizing NNI: done in 0.00530011 secs using 99.98% CPU
Optimizing NNI: done in 0.0109747 secs using 99.98% CPU
Optimizing NNI: done in 0.0112522 secs using 99.99% CPU
Optimizing NNI: done in 0.00641829 secs using 99.98% CPU
Optimizing NNI: done in 0.00991631 secs using 99.99% CPU
Optimizing NNI: done in 0.0119271 secs using 99.99% CPU
Optimizing NNI: done in 0.0135408 secs using 99.99% CPU
Optimizing NNI: done in 0.00799027 secs using 99.98% CPU
Iteration 30 / LogL: -8993.178 / Time: 0h:0m:0s (0h:0m:1s left)
Optimizing NNI: done in 0.00513723 secs using 99.98% CPU
UPDATE BEST LOG-LIKELIHOOD: -8993.162
Optimizing NNI: done in 0.0118778 secs using 99.98% CPU
Optimizing NNI: done in 0.0129353 secs using 99.99% CPU
Optimizing NNI: done in 0.00557355 secs using 99.99% CPU
Optimizing NNI: done in 0.00985527 secs using 100% CPU
Optimizing NNI: done in 0.012233 secs using 99.99% CPU
Optimizing NNI: done in 0.00653294 secs using 100% CPU
Optimizing NNI: done in 0.0110071 secs using 99.99% CPU
Optimizing NNI: done in 0.0109552 secs using 99.93% CPU
Optimizing NNI: done in 0.00964614 secs using 99.99% CPU
Iteration 40 / LogL: -8993.178 / Time: 0h:0m:0s (0h:0m:0s left)
Optimizing NNI: done in 0.00879678 secs using 99.99% CPU
Optimizing NNI: done in 0.0140921 secs using 99.99% CPU
Optimizing NNI: done in 0.0133183 secs using 99.99% CPU
Optimizing NNI: done in 0.00534924 secs using 99.98% CPU
Optimizing NNI: done in 0.00263776 secs using 100% CPU
Optimizing NNI: done in 0.0140688 secs using 99.95% CPU
Optimizing NNI: done in 0.00855099 secs using 99.98% CPU
Optimizing NNI: done in 0.00828527 secs using 99.98% CPU
Optimizing NNI: done in 0.0108729 secs using 99.98% CPU
Optimizing NNI: done in 0.00542452 secs using 99.99% CPU
Iteration 50 / LogL: -8993.183 / Time: 0h:0m:0s (0h:0m:0s left)
Optimizing NNI: done in 0.00960747 secs using 100% CPU
Optimizing NNI: done in 0.00945941 secs using 99.99% CPU
Optimizing NNI: done in 0.00619204 secs using 100% CPU
Optimizing NNI: done in 0.00977888 secs using 99.99% CPU
Optimizing NNI: done in 0.00960673 secs using 99.99% CPU
Optimizing NNI: done in 0.0122221 secs using 99.99% CPU
Optimizing NNI: done in 0.00801835 secs using 100% CPU
Optimizing NNI: done in 0.00702263 secs using 99.99% CPU
Optimizing NNI: done in 0.0115245 secs using 99.99% CPU
Optimizing NNI: done in 0.0127515 secs using 99.99% CPU
Iteration 60 / LogL: -9075.183 / Time: 0h:0m:0s (0h:0m:0s left)
Optimizing NNI: done in 0.0083962 secs using 99.99% CPU
Optimizing NNI: done in 0.0153551 secs using 99.99% CPU
Optimizing NNI: done in 0.00659219 secs using 99.98% CPU
Optimizing NNI: done in 0.00674458 secs using 99.99% CPU
Optimizing NNI: done in 0.00615394 secs using 99.98% CPU
Optimizing NNI: done in 0.011982 secs using 99.99% CPU
Optimizing NNI: done in 0.00268653 secs using 99.98% CPU
Optimizing NNI: done in 0.0102456 secs using 99.98% CPU
Optimizing NNI: done in 0.00983113 secs using 99.99% CPU
Optimizing NNI: done in 0.0155978 secs using 99.93% CPU
Iteration 70 / LogL: -8993.162 / Time: 0h:0m:0s (0h:0m:0s left)
Optimizing NNI: done in 0.00807091 secs using 99.99% CPU
Optimizing NNI: done in 0.0139273 secs using 99.99% CPU
Optimizing NNI: done in 0.00802066 secs using 99.99% CPU
Optimizing NNI: done in 0.00713001 secs using 99.99% CPU
Optimizing NNI: done in 0.0140563 secs using 99.99% CPU
Optimizing NNI: done in 0.00541212 secs using 100% CPU
Optimizing NNI: done in 0.0106216 secs using 99.98% CPU
Optimizing NNI: done in 0.00975403 secs using 90.49% CPU
Optimizing NNI: done in 0.0140504 secs using 84.15% CPU
Optimizing NNI: done in 0.00772219 secs using 99.98% CPU
Iteration 80 / LogL: -8993.181 / Time: 0h:0m:0s (0h:0m:0s left)
Optimizing NNI: done in 0.00943719 secs using 99.93% CPU
Optimizing NNI: done in 0.00848359 secs using 99.99% CPU
Optimizing NNI: done in 0.00538381 secs using 99.99% CPU
Optimizing NNI: done in 0.0108993 secs using 99.99% CPU
Optimizing NNI: done in 0.0082684 secs using 100% CPU
Optimizing NNI: done in 0.00550116 secs using 99.98% CPU
Optimizing NNI: done in 0.0111905 secs using 100% CPU
Optimizing NNI: done in 0.00476886 secs using 99.98% CPU
Optimizing NNI: done in 0.0192635 secs using 99.99% CPU
Optimizing NNI: done in 0.0124803 secs using 99.99% CPU
Iteration 90 / LogL: -8993.187 / Time: 0h:0m:1s (0h:0m:0s left)
Optimizing NNI: done in 0.00852726 secs using 99.99% CPU
Optimizing NNI: done in 0.00236385 secs using 99.96% CPU
Optimizing NNI: done in 0.0162808 secs using 99.99% CPU
Optimizing NNI: done in 0.00646577 secs using 99.99% CPU
Optimizing NNI: done in 0.00824543 secs using 99.99% CPU
Optimizing NNI: done in 0.0125675 secs using 99.99% CPU
Optimizing NNI: done in 0.0117458 secs using 99.99% CPU
Optimizing NNI: done in 0.0124554 secs using 99.99% CPU
Optimizing NNI: done in 0.0137426 secs using 99.99% CPU
Optimizing NNI: done in 0.00501339 secs using 99.97% CPU
Iteration 100 / LogL: -8993.177 / Time: 0h:0m:1s (0h:0m:0s left)
Optimizing NNI: done in 0.009516 secs using 99.99% CPU
Optimizing NNI: done in 0.00263924 secs using 99.95% CPU
Optimizing NNI: done in 0.00518965 secs using 99.99% CPU
TREE SEARCH COMPLETED AFTER 103 ITERATIONS / Time: 0h:0m:1s

--------------------------------------------------------------------
|                    FINALIZING TREE SEARCH                        |
--------------------------------------------------------------------
Performs final model parameters optimization
Estimate model parameters (epsilon = 0.010)
1. Initial log-likelihood: -8993.162
Optimal log-likelihood: -8993.161
Rate parameters:  A-C: 1.79479  A-G: 5.91857  A-T: 1.00000  C-G: 1.79479  C-T: 15.13874  G-T: 1.00000
Base frequencies:  A: 0.341  C: 0.193  G: 0.225  T: 0.241
Gamma shape alpha: 0.401
Parameters optimization took 1 rounds (0.002 sec)
BEST SCORE FOUND : -8993.161
Total tree length: 1.426

Total number of iterations: 103
CPU time used for tree search: 1.101 sec (0h:0m:1s)
Wall-clock time used for tree search: 1.091 sec (0h:0m:1s)
Total CPU time used: 1.157 sec (0h:0m:1s)
Total wall-clock time used: 1.144 sec (0h:0m:1s)

Analysis results written to: 
  IQ-TREE report:                SUP35_iqtree.iqtree
  Maximum-likelihood tree:       SUP35_iqtree.treefile
  Likelihood distances:          SUP35_iqtree.mldist
  Screen log file:               SUP35_iqtree.log

Date and Time: Fri Mar  1 23:23:29 2024
